<?xml version="1.0" encoding="UTF-8"?>
<testng-results ignored="0" total="2" passed="2" failed="0" skipped="0">
  <reporter-output>
  </reporter-output>
  <suite started-at="2025-03-11T01:58:20 IST" name="Test Suite E2E" finished-at="2025-03-11T01:58:29 IST" duration-ms="9378">
    <groups>
    </groups>
    <test started-at="2025-03-11T01:58:20 IST" name="Test" finished-at="2025-03-11T01:58:29 IST" duration-ms="9378">
      <class name="com.e2e.testcases.LoginPageTest">
        <test-method is-config="true" signature="setup()[pri:0, instance:com.e2e.testcases.LoginPageTest@759d26fb]" started-at="2025-03-11T01:58:20 IST" name="setup" finished-at="2025-03-11T01:58:23 IST" duration-ms="3599" status="PASS">
          <reporter-output>
          </reporter-output>
        </test-method> <!-- setup -->
        <test-method signature="validateLoginPageTest()[pri:0, instance:com.e2e.testcases.LoginPageTest@759d26fb]" started-at="2025-03-11T01:58:23 IST" name="validateLoginPageTest" finished-at="2025-03-11T01:58:23 IST" duration-ms="17" status="PASS">
          <reporter-output>
          </reporter-output>
        </test-method> <!-- validateLoginPageTest -->
        <test-method is-config="true" signature="closure()[pri:0, instance:com.e2e.testcases.LoginPageTest@759d26fb]" started-at="2025-03-11T01:58:23 IST" name="closure" finished-at="2025-03-11T01:58:24 IST" duration-ms="953" status="PASS">
          <reporter-output>
          </reporter-output>
        </test-method> <!-- closure -->
        <test-method is-config="true" signature="setup()[pri:0, instance:com.e2e.testcases.LoginPageTest@759d26fb]" started-at="2025-03-11T01:58:24 IST" name="setup" finished-at="2025-03-11T01:58:27 IST" duration-ms="3266" status="PASS">
          <reporter-output>
          </reporter-output>
        </test-method> <!-- setup -->
        <test-method signature="validateLoginTest()[pri:1, instance:com.e2e.testcases.LoginPageTest@759d26fb]" started-at="2025-03-11T01:58:27 IST" name="validateLoginTest" finished-at="2025-03-11T01:58:28 IST" duration-ms="484" status="PASS">
          <reporter-output>
          </reporter-output>
        </test-method> <!-- validateLoginTest -->
        <test-method is-config="true" signature="closure()[pri:0, instance:com.e2e.testcases.LoginPageTest@759d26fb]" started-at="2025-03-11T01:58:28 IST" name="closure" finished-at="2025-03-11T01:58:29 IST" duration-ms="1019" status="PASS">
          <reporter-output>
          </reporter-output>
        </test-method> <!-- closure -->
      </class> <!-- com.e2e.testcases.LoginPageTest -->
    </test> <!-- Test -->
  </suite> <!-- Test Suite E2E -->
</testng-results>
