<?xml version="1.0" encoding="UTF-8"?>
<testng-results ignored="0" total="2" passed="2" failed="0" skipped="0">
  <reporter-output>
  </reporter-output>
  <suite started-at="2025-03-11T02:56:05 IST" name="Test Suite E2E" finished-at="2025-03-11T02:56:14 IST" duration-ms="9696">
    <groups>
    </groups>
    <test started-at="2025-03-11T02:56:05 IST" name="Test" finished-at="2025-03-11T02:56:14 IST" duration-ms="9696">
      <class name="com.e2e.testcases.LoginPageTest">
        <test-method is-config="true" signature="setup()[pri:0, instance:com.e2e.testcases.LoginPageTest@3d5c822d]" started-at="2025-03-11T02:56:05 IST" name="setup" finished-at="2025-03-11T02:56:09 IST" duration-ms="4200" status="PASS">
          <reporter-output>
          </reporter-output>
        </test-method> <!-- setup -->
        <test-method signature="validateLoginPageTest()[pri:0, instance:com.e2e.testcases.LoginPageTest@3d5c822d]" started-at="2025-03-11T02:56:09 IST" name="validateLoginPageTest" finished-at="2025-03-11T02:56:09 IST" duration-ms="16" status="PASS">
          <reporter-output>
          </reporter-output>
        </test-method> <!-- validateLoginPageTest -->
        <test-method is-config="true" signature="closure()[pri:0, instance:com.e2e.testcases.LoginPageTest@3d5c822d]" started-at="2025-03-11T02:56:09 IST" name="closure" finished-at="2025-03-11T02:56:10 IST" duration-ms="987" status="PASS">
          <reporter-output>
          </reporter-output>
        </test-method> <!-- closure -->
        <test-method is-config="true" signature="setup()[pri:0, instance:com.e2e.testcases.LoginPageTest@3d5c822d]" started-at="2025-03-11T02:56:10 IST" name="setup" finished-at="2025-03-11T02:56:13 IST" duration-ms="3044" status="PASS">
          <reporter-output>
          </reporter-output>
        </test-method> <!-- setup -->
        <test-method signature="validateLoginTest()[pri:1, instance:com.e2e.testcases.LoginPageTest@3d5c822d]" started-at="2025-03-11T02:56:13 IST" name="validateLoginTest" finished-at="2025-03-11T02:56:13 IST" duration-ms="468" status="PASS">
          <reporter-output>
          </reporter-output>
        </test-method> <!-- validateLoginTest -->
        <test-method is-config="true" signature="closure()[pri:0, instance:com.e2e.testcases.LoginPageTest@3d5c822d]" started-at="2025-03-11T02:56:13 IST" name="closure" finished-at="2025-03-11T02:56:14 IST" duration-ms="952" status="PASS">
          <reporter-output>
          </reporter-output>
        </test-method> <!-- closure -->
      </class> <!-- com.e2e.testcases.LoginPageTest -->
    </test> <!-- Test -->
  </suite> <!-- Test Suite E2E -->
</testng-results>
